# JRE version: Java(TM) SE Runtime Environment (8.0_102-b14) (build 1.8.0_102-b14)
# Java VM: Java HotSpot(TM) 64-Bit Server VM (25.102-b14 mixed mode windows-amd64 compressed oops)
Heap:
 PSYoungGen      total 218624K, used 89225K [0x00000000d5d00000, 0x00000000e9d00000, 0x0000000100000000)
  eden space 147456K, 40% used [0x00000000d5d00000,0x00000000d97c4be0,0x00000000ded00000)
  from space 71168K, 40% used [0x00000000ded00000,0x00000000e095db10,0x00000000e3280000)
  to   space 65536K, 0% used [0x00000000e5d00000,0x00000000e5d00000,0x00000000e9d00000)
 ParOldGen       total 275968K, used 146106K [0x0000000081600000, 0x0000000092380000, 0x00000000d5d00000)
  object space 275968K, 52% used [0x0000000081600000,0x000000008a4ae8c8,0x0000000092380000)
 Metaspace       used 19476K, capacity 20832K, committed 20992K, reserved 1067008K
  class space    used 2746K, capacity 3015K, committed 3072K, reserved 1048576K
GC Heap History (10 events):
Event: 2.911 GC heap before
{Heap before GC invocations=5 (full 1):
 PSYoungGen      total 71680K, used 60485K [0x00000000d5d00000, 0x00000000de900000, 0x0000000100000000)
  eden space 66560K, 90% used [0x00000000d5d00000,0x00000000d9811438,0x00000000d9e00000)
  from space 5120K, 0% used [0x00000000d9e00000,0x00000000d9e00000,0x00000000da300000)
  to   space 5120K, 0% used [0x00000000de400000,0x00000000de400000,0x00000000de900000)
 ParOldGen       total 180224K, used 76333K [0x0000000081600000, 0x000000008c600000, 0x00000000d5d00000)
  object space 180224K, 42% used [0x0000000081600000,0x000000008608b470,0x000000008c600000)
 Metaspace       used 13302K, capacity 13870K, committed 13952K, reserved 1060864K
  class space    used 1949K, capacity 2115K, committed 2176K, reserved 1048576K
Event: 2.953 GC heap after
Heap after GC invocations=5 (full 1):
 PSYoungGen      total 111104K, used 5103K [0x00000000d5d00000, 0x00000000de900000, 0x0000000100000000)
  eden space 105984K, 0% used [0x00000000d5d00000,0x00000000d5d00000,0x00000000dc480000)
  from space 5120K, 99% used [0x00000000de400000,0x00000000de8fbd68,0x00000000de900000)
  to   space 5120K, 0% used [0x00000000ddf00000,0x00000000ddf00000,0x00000000de400000)
 ParOldGen       total 180224K, used 124944K [0x0000000081600000, 0x000000008c600000, 0x00000000d5d00000)
  object space 180224K, 69% used [0x0000000081600000,0x0000000089004190,0x000000008c600000)
 Metaspace       used 13302K, capacity 13870K, committed 13952K, reserved 1060864K
  class space    used 1949K, capacity 2115K, committed 2176K, reserved 1048576K
}
Event: 2.953 GC heap before
{Heap before GC invocations=6 (full 2):
 PSYoungGen      total 111104K, used 5103K [0x00000000d5d00000, 0x00000000de900000, 0x0000000100000000)
  eden space 105984K, 0% used [0x00000000d5d00000,0x00000000d5d00000,0x00000000dc480000)
  from space 5120K, 99% used [0x00000000de400000,0x00000000de8fbd68,0x00000000de900000)
  to   space 5120K, 0% used [0x00000000ddf00000,0x00000000ddf00000,0x00000000de400000)
 ParOldGen       total 180224K, used 124944K [0x0000000081600000, 0x000000008c600000, 0x00000000d5d00000)
  object space 180224K, 69% used [0x0000000081600000,0x0000000089004190,0x000000008c600000)
 Metaspace       used 13302K, capacity 13870K, committed 13952K, reserved 1060864K
  class space    used 1949K, capacity 2115K, committed 2176K, reserved 1048576K
Event: 3.028 GC heap after
Heap after GC invocations=6 (full 2):
 PSYoungGen      total 111104K, used 0K [0x00000000d5d00000, 0x00000000de900000, 0x0000000100000000)
  eden space 105984K, 0% used [0x00000000d5d00000,0x00000000d5d00000,0x00000000dc480000)
  from space 5120K, 0% used [0x00000000de400000,0x00000000de400000,0x00000000de900000)
  to   space 5120K, 0% used [0x00000000ddf00000,0x00000000ddf00000,0x00000000de400000)
 ParOldGen       total 275968K, used 129898K [0x0000000081600000, 0x0000000092380000, 0x00000000d5d00000)
  object space 275968K, 47% used [0x0000000081600000,0x00000000894da8a8,0x0000000092380000)
 Metaspace       used 13302K, capacity 13870K, committed 13952K, reserved 1060864K
  class space    used 1949K, capacity 2115K, committed 2176K, reserved 1048576K
}
Event: 3.332 GC heap before
{Heap before GC invocations=7 (full 2):
 PSYoungGen      total 111104K, used 105984K [0x00000000d5d00000, 0x00000000de900000, 0x0000000100000000)
  eden space 105984K, 100% used [0x00000000d5d00000,0x00000000dc480000,0x00000000dc480000)
  from space 5120K, 0% used [0x00000000de400000,0x00000000de400000,0x00000000de900000)
  to   space 5120K, 0% used [0x00000000ddf00000,0x00000000ddf00000,0x00000000de400000)
 ParOldGen       total 275968K, used 129898K [0x0000000081600000, 0x0000000092380000, 0x00000000d5d00000)
  object space 275968K, 47% used [0x0000000081600000,0x00000000894da8a8,0x0000000092380000)
 Metaspace       used 13309K, capacity 13870K, committed 13952K, reserved 1060864K
  class space    used 1950K, capacity 2115K, committed 2176K, reserved 1048576K
Event: 3.345 GC heap after
Heap after GC invocations=7 (full 2):
 PSYoungGen      total 138240K, used 128K [0x00000000d5d00000, 0x00000000e7b80000, 0x0000000100000000)
  eden space 133120K, 0% used [0x00000000d5d00000,0x00000000d5d00000,0x00000000ddf00000)
  from space 5120K, 2% used [0x00000000ddf00000,0x00000000ddf20000,0x00000000de400000)
  to   space 74752K, 0% used [0x00000000e3280000,0x00000000e3280000,0x00000000e7b80000)
 ParOldGen       total 275968K, used 146098K [0x0000000081600000, 0x0000000092380000, 0x00000000d5d00000)
  object space 275968K, 52% used [0x0000000081600000,0x000000008a4ac8c8,0x0000000092380000)
 Metaspace       used 13309K, capacity 13870K, committed 13952K, reserved 1060864K
  class space    used 1950K, capacity 2115K, committed 2176K, reserved 1048576K
}
Event: 3.649 GC heap before
{Heap before GC invocations=8 (full 2):
 PSYoungGen      total 138240K, used 133248K [0x00000000d5d00000, 0x00000000e7b80000, 0x0000000100000000)
  eden space 133120K, 100% used [0x00000000d5d00000,0x00000000ddf00000,0x00000000ddf00000)
  from space 5120K, 2% used [0x00000000ddf00000,0x00000000ddf20000,0x00000000de400000)
  to   space 74752K, 0% used [0x00000000e3280000,0x00000000e3280000,0x00000000e7b80000)
 ParOldGen       total 275968K, used 146098K [0x0000000081600000, 0x0000000092380000, 0x00000000d5d00000)
  object space 275968K, 52% used [0x0000000081600000,0x000000008a4ac8c8,0x0000000092380000)
 Metaspace       used 13309K, capacity 13870K, committed 13952K, reserved 1060864K
  class space    used 1950K, capacity 2115K, committed 2176K, reserved 1048576K
Event: 3.661 GC heap after
Heap after GC invocations=8 (full 2):
 PSYoungGen      total 222208K, used 16328K [0x00000000d5d00000, 0x00000000e9880000, 0x0000000100000000)
  eden space 147456K, 0% used [0x00000000d5d00000,0x00000000d5d00000,0x00000000ded00000)
  from space 74752K, 21% used [0x00000000e3280000,0x00000000e4272020,0x00000000e7b80000)
  to   space 71168K, 0% used [0x00000000ded00000,0x00000000ded00000,0x00000000e3280000)
 ParOldGen       total 275968K, used 146098K [0x0000000081600000, 0x0000000092380000, 0x00000000d5d00000)
  object space 275968K, 52% used [0x0000000081600000,0x000000008a4ac8c8,0x0000000092380000)
 Metaspace       used 13309K, capacity 13870K, committed 13952K, reserved 1060864K
  class space    used 1950K, capacity 2115K, committed 2176K, reserved 1048576K
}
Event: 4.680 GC heap before
{Heap before GC invocations=9 (full 2):
 PSYoungGen      total 222208K, used 163784K [0x00000000d5d00000, 0x00000000e9880000, 0x0000000100000000)
  eden space 147456K, 100% used [0x00000000d5d00000,0x00000000ded00000,0x00000000ded00000)
  from space 74752K, 21% used [0x00000000e3280000,0x00000000e4272020,0x00000000e7b80000)
  to   space 71168K, 0% used [0x00000000ded00000,0x00000000ded00000,0x00000000e3280000)
 ParOldGen       total 275968K, used 146098K [0x0000000081600000, 0x0000000092380000, 0x00000000d5d00000)
  object space 275968K, 52% used [0x0000000081600000,0x000000008a4ac8c8,0x0000000092380000)
 Metaspace       used 16475K, capacity 17358K, committed 17664K, reserved 1064960K
  class space    used 2316K, capacity 2517K, committed 2560K, reserved 1048576K
Event: 4.704 GC heap after
Heap after GC invocations=9 (full 2):
 PSYoungGen      total 218624K, used 29046K [0x00000000d5d00000, 0x00000000e9d00000, 0x0000000100000000)
  eden space 147456K, 0% used [0x00000000d5d00000,0x00000000d5d00000,0x00000000ded00000)
  from space 71168K, 40% used [0x00000000ded00000,0x00000000e095db10,0x00000000e3280000)
  to   space 65536K, 0% used [0x00000000e5d00000,0x00000000e5d00000,0x00000000e9d00000)
 ParOldGen       total 275968K, used 146106K [0x0000000081600000, 0x0000000092380000, 0x00000000d5d00000)
  object space 275968K, 52% used [0x0000000081600000,0x000000008a4ae8c8,0x0000000092380000)
 Metaspace       used 16475K, capacity 17358K, committed 17664K, reserved 1064960K
  class space    used 2316K, capacity 2517K, committed 2560K, reserved 1048576K
}

